2025-05-08 07:08:00,574 - INFO - 
Starting NSE500 ticker data pipeline...

2025-05-08 07:08:00,619 - INFO - Running TimescaleDB setup...
2025-05-08 07:08:00,893 - INFO - Successfully completed TimescaleDB setup
2025-05-08 07:08:00,893 - INFO - Running NSE500 ticker data fetch...
2025-05-08 07:08:01,028 - ERROR - Error running fetch_nse500_ticker_data.py: Traceback (most recent call last):
  File "C:\Users\91738\OneDrive\Documents\Major Project\Quantfolio\kafka_druid_connector\fetch_nse500_ticker_data.py", line 17, in <module>
    from kite_connect_app.kite_client import KiteClient
  File "C:\Users\91738\OneDrive\Documents\Major Project\QuantFolio\kite_connect_app\kite_client.py", line 5, in <module>
    from kiteconnect import KiteConnect
ModuleNotFoundError: No module named 'kiteconnect'

2025-05-08 07:08:01,028 - ERROR - Command output: 
2025-05-08 07:08:01,028 - ERROR - Failed to fetch NSE500 ticker data. Exiting.
2025-05-08 07:13:09,551 - INFO - 
Starting NSE500 ticker data pipeline...

2025-05-08 07:13:09,552 - INFO - Running TimescaleDB setup...
2025-05-08 07:13:09,947 - INFO - Successfully completed TimescaleDB setup
2025-05-08 07:13:09,948 - INFO - Running NSE500 ticker data fetch...
2025-05-08 07:13:10,063 - ERROR - Error running fetch_nse500_ticker_data.py: Traceback (most recent call last):
  File "C:\Users\91738\OneDrive\Documents\Major Project\Quantfolio\kafka_druid_connector\fetch_nse500_ticker_data.py", line 11, in <module>
    import pandas as pd
ModuleNotFoundError: No module named 'pandas'

2025-05-08 07:13:10,064 - ERROR - Command output: 
2025-05-08 07:13:10,065 - ERROR - Failed to fetch NSE500 ticker data. Exiting.
